2026-06-18 21:44:04 [INFO] main: ============================================================
2026-06-18 21:44:04 [INFO] main:   FOREST WILDLIFE CAMERA TRAP — Starting up
2026-06-18 21:44:04 [INFO] main: ============================================================
2026-06-18 21:44:04 [INFO] main:   Serial port  : /dev/ttyUSB0 @ 9600
2026-06-18 21:44:04 [INFO] main:   Camera index : 0
2026-06-18 21:44:04 [INFO] main:   Capture dir  : /Users/sr/Documents/CREATED-YUVAN/raspberry_pi/captures
2026-06-18 21:44:04 [INFO] main:   Cooldown     : 10s
2026-06-18 21:44:04 [INFO] main:   Upload check : every 60s
2026-06-18 21:44:04 [INFO] main:   Supabase URL : SET
2026-06-18 21:44:04 [INFO] main: ============================================================
2026-06-18 21:44:04 [INFO] main: Sensor reader thread started.
2026-06-18 21:44:04 [WARNING] sensor_reader: Serial open failed ([Errno 2] could not open port /dev/ttyUSB0: [Errno 2] No such file or directory: '/dev/ttyUSB0'). Retrying in 5s...
2026-06-18 21:44:04 [INFO] uploader: Uploader started. Checking every 60s.
2026-06-18 21:44:04 [INFO] main: Uploader thread started.
2026-06-18 21:44:04 [INFO] main: Capture manager running. Waiting for sensor triggers...
2026-06-18 21:44:04 [INFO] capture_manager: Capture directory: /Users/sr/Documents/CREATED-YUVAN/raspberry_pi/captures
2026-06-18 21:44:04 [INFO] capture_manager: Cooldown: 10s | Trigger: ALL sensors = 1
2026-06-18 21:44:09 [WARNING] sensor_reader: Serial open failed ([Errno 2] could not open port /dev/ttyUSB0: [Errno 2] No such file or directory: '/dev/ttyUSB0'). Retrying in 5s...
2026-06-18 21:44:14 [WARNING] sensor_reader: Serial open failed ([Errno 2] could not open port /dev/ttyUSB0: [Errno 2] No such file or directory: '/dev/ttyUSB0'). Retrying in 5s...
2026-06-18 21:44:19 [WARNING] sensor_reader: Serial open failed ([Errno 2] could not open port /dev/ttyUSB0: [Errno 2] No such file or directory: '/dev/ttyUSB0'). Retrying in 5s...
2026-06-18 21:44:24 [WARNING] sensor_reader: Serial open failed ([Errno 2] could not open port /dev/ttyUSB0: [Errno 2] No such file or directory: '/dev/ttyUSB0'). Retrying in 5s...
2026-06-18 21:44:29 [WARNING] sensor_reader: Serial open failed ([Errno 2] could not open port /dev/ttyUSB0: [Errno 2] No such file or directory: '/dev/ttyUSB0'). Retrying in 5s...
2026-06-18 21:44:34 [WARNING] sensor_reader: Serial open failed ([Errno 2] could not open port /dev/ttyUSB0: [Errno 2] No such file or directory: '/dev/ttyUSB0'). Retrying in 5s...
2026-06-18 21:44:39 [WARNING] sensor_reader: Serial open failed ([Errno 2] could not open port /dev/ttyUSB0: [Errno 2] No such file or directory: '/dev/ttyUSB0'). Retrying in 5s...
2026-06-18 21:44:44 [WARNING] sensor_reader: Serial open failed ([Errno 2] could not open port /dev/ttyUSB0: [Errno 2] No such file or directory: '/dev/ttyUSB0'). Retrying in 5s...
2026-06-18 21:44:49 [WARNING] sensor_reader: Serial open failed ([Errno 2] could not open port /dev/ttyUSB0: [Errno 2] No such file or directory: '/dev/ttyUSB0'). Retrying in 5s...
2026-06-18 21:44:54 [WARNING] sensor_reader: Serial open failed ([Errno 2] could not open port /dev/ttyUSB0: [Errno 2] No such file or directory: '/dev/ttyUSB0'). Retrying in 5s...
2026-06-18 21:44:57 [INFO] main: Shutdown requested (Ctrl+C). Exiting.
2026-06-18 21:44:58 [INFO] main: ============================================================
2026-06-18 21:44:58 [INFO] main:   FOREST WILDLIFE CAMERA TRAP — Starting up
2026-06-18 21:44:58 [INFO] main: ============================================================
2026-06-18 21:44:58 [INFO] main:   Serial port  : /dev/ttyUSB0 @ 9600
2026-06-18 21:44:58 [INFO] main:   Camera index : 0
2026-06-18 21:44:58 [INFO] main:   Capture dir  : /Users/sr/Documents/CREATED-YUVAN/raspberry_pi/captures
2026-06-18 21:44:58 [INFO] main:   Cooldown     : 10s
2026-06-18 21:44:58 [INFO] main:   Upload check : every 60s
2026-06-18 21:44:58 [INFO] main:   Supabase URL : SET
2026-06-18 21:44:58 [INFO] main: ============================================================
2026-06-18 21:44:58 [INFO] main: Sensor reader thread started.
2026-06-18 21:44:58 [INFO] uploader: Uploader started. Checking every 60s.
2026-06-18 21:44:58 [INFO] main: Uploader thread started.
2026-06-18 21:44:58 [INFO] main: Capture manager running. Waiting for sensor triggers...
2026-06-18 21:44:58 [INFO] capture_manager: Capture directory: /Users/sr/Documents/CREATED-YUVAN/raspberry_pi/captures
2026-06-18 21:44:58 [INFO] capture_manager: Cooldown: 10s | Trigger: ALL sensors = 1
2026-06-18 21:45:58 [INFO] uploader: ONLINE — checking for pending uploads...
2026-06-18 21:45:58 [INFO] uploader: Found 1 pending capture(s). Uploading...
2026-06-18 21:45:59 [INFO] uploader: Supabase client initialized.
2026-06-18 21:46:00 [INFO] httpx: HTTP Request: POST https://eftrcetzmzmotmsrwldf.supabase.co/storage/v1/object/wildlife-captures/2026-06-18_21-13-32.jpg "HTTP/2 200 OK"
2026-06-18 21:46:00 [INFO] uploader: Image uploaded: 2026-06-18_21-13-32.jpg
2026-06-18 21:46:02 [INFO] httpx: HTTP Request: POST https://eftrcetzmzmotmsrwldf.supabase.co/rest/v1/captures "HTTP/2 201 Created"
2026-06-18 21:46:02 [INFO] uploader: DB row inserted for: 2026-06-18_21-13-32
2026-06-18 21:46:02 [INFO] uploader: Upload cycle complete: 1 uploaded, 0 failed.
2026-06-18 21:47:02 [INFO] uploader: ONLINE — checking for pending uploads...
2026-06-18 21:47:02 [INFO] uploader: No pending captures to upload.
2026-06-18 21:48:02 [INFO] uploader: ONLINE — checking for pending uploads...
2026-06-18 21:48:02 [INFO] uploader: No pending captures to upload.
2026-06-18 21:49:02 [INFO] uploader: ONLINE — checking for pending uploads...
2026-06-18 21:49:02 [INFO] uploader: No pending captures to upload.
2026-06-18 21:50:02 [INFO] uploader: ONLINE — checking for pending uploads...
2026-06-18 21:50:02 [INFO] uploader: No pending captures to upload.
2026-06-18 21:51:02 [INFO] uploader: ONLINE — checking for pending uploads...
2026-06-18 21:51:02 [INFO] uploader: No pending captures to upload.
2026-06-18 21:52:02 [INFO] uploader: ONLINE — checking for pending uploads...
2026-06-18 21:52:02 [INFO] uploader: No pending captures to upload.
2026-06-18 21:53:02 [INFO] uploader: ONLINE — checking for pending uploads...
2026-06-18 21:53:02 [INFO] uploader: No pending captures to upload.
2026-06-18 21:54:02 [INFO] uploader: ONLINE — checking for pending uploads...
2026-06-18 21:54:02 [INFO] uploader: No pending captures to upload.
2026-06-18 21:55:03 [INFO] uploader: ONLINE — checking for pending uploads...
2026-06-18 21:55:03 [INFO] uploader: No pending captures to upload.
2026-06-18 21:56:03 [INFO] uploader: ONLINE — checking for pending uploads...
2026-06-18 21:56:03 [INFO] uploader: No pending captures to upload.
2026-06-18 21:57:03 [INFO] uploader: ONLINE — checking for pending uploads...
2026-06-18 21:57:03 [INFO] uploader: No pending captures to upload.
2026-06-18 21:58:03 [INFO] uploader: ONLINE — checking for pending uploads...
2026-06-18 21:58:03 [INFO] uploader: No pending captures to upload.
2026-06-18 21:59:03 [INFO] uploader: ONLINE — checking for pending uploads...
2026-06-18 21:59:03 [INFO] uploader: No pending captures to upload.
2026-06-18 21:59:41 [INFO] main: Shutdown requested (Ctrl+C). Exiting.
2026-06-18 22:01:39 [INFO] main: ============================================================
2026-06-18 22:01:39 [INFO] main:   FOREST WILDLIFE CAMERA TRAP — Starting up
2026-06-18 22:01:39 [INFO] main: ============================================================
2026-06-18 22:01:39 [INFO] main:   Serial port  : /dev/ttyUSB0 @ 9600
2026-06-18 22:01:39 [INFO] main:   Camera index : 0
2026-06-18 22:01:39 [INFO] main:   Capture dir  : /Users/sr/Documents/CREATED-YUVAN/raspberry_pi/captures
2026-06-18 22:01:39 [INFO] main:   Cooldown     : 10s
2026-06-18 22:01:39 [INFO] main:   Upload check : every 60s
2026-06-18 22:01:39 [INFO] main:   Supabase URL : SET
2026-06-18 22:01:39 [INFO] main: ============================================================
2026-06-18 22:01:39 [INFO] main: Sensor reader thread started.
2026-06-18 22:01:39 [INFO] uploader: Uploader started. Checking every 60s.
2026-06-18 22:01:39 [INFO] main: Uploader thread started.
2026-06-18 22:01:39 [INFO] main: Capture manager running. Waiting for sensor triggers...
2026-06-18 22:01:39 [INFO] capture_manager: Capture directory: /Users/sr/Documents/CREATED-YUVAN/raspberry_pi/captures
2026-06-18 22:01:39 [INFO] capture_manager: Cooldown: 10s | Trigger: ALL sensors = 1
2026-06-18 22:02:39 [INFO] uploader: ONLINE — checking for pending uploads...
2026-06-18 22:02:39 [INFO] uploader: No pending captures to upload.
2026-06-18 22:03:38 [INFO] main: Shutdown requested (Ctrl+C). Exiting.
2026-06-18 22:04:01 [INFO] main: ============================================================
2026-06-18 22:04:01 [INFO] main:   FOREST WILDLIFE CAMERA TRAP — Starting up
2026-06-18 22:04:01 [INFO] main: ============================================================
2026-06-18 22:04:01 [INFO] main:   Serial port  : /dev/ttyUSB0 @ 9600
2026-06-18 22:04:01 [INFO] main:   Camera index : 0
2026-06-18 22:04:01 [INFO] main:   Capture dir  : /Users/sr/Documents/CREATED-YUVAN/raspberry_pi/captures
2026-06-18 22:04:01 [INFO] main:   Cooldown     : 10s
2026-06-18 22:04:01 [INFO] main:   Upload check : every 60s
2026-06-18 22:04:01 [INFO] main:   Supabase URL : SET
2026-06-18 22:04:01 [INFO] main: ============================================================
2026-06-18 22:04:01 [INFO] main: Sensor reader thread started.
2026-06-18 22:04:01 [INFO] uploader: Uploader started. Checking every 60s.
2026-06-18 22:04:01 [INFO] main: Uploader thread started.
2026-06-18 22:04:01 [INFO] main: Capture manager running. Waiting for sensor triggers...
2026-06-18 22:04:01 [INFO] capture_manager: Capture directory: /Users/sr/Documents/CREATED-YUVAN/raspberry_pi/captures
2026-06-18 22:04:01 [INFO] capture_manager: Cooldown: 10s | Trigger: ALL sensors = 1
2026-06-18 22:04:35 [INFO] main: Shutdown requested (Ctrl+C). Exiting.
2026-06-18 22:04:50 [INFO] main: ============================================================
2026-06-18 22:04:50 [INFO] main:   FOREST WILDLIFE CAMERA TRAP — Starting up
2026-06-18 22:04:50 [INFO] main: ============================================================
2026-06-18 22:04:50 [INFO] main:   Serial port  : /dev/ttyUSB0 @ 9600
2026-06-18 22:04:50 [INFO] main:   Camera index : 0
2026-06-18 22:04:50 [INFO] main:   Capture dir  : /Users/sr/Documents/CREATED-YUVAN/raspberry_pi/captures
2026-06-18 22:04:50 [INFO] main:   Cooldown     : 10s
2026-06-18 22:04:50 [INFO] main:   Upload check : every 60s
2026-06-18 22:04:50 [INFO] main:   Supabase URL : SET
2026-06-18 22:04:50 [INFO] main: ============================================================
2026-06-18 22:04:50 [INFO] main: Sensor reader thread started.
2026-06-18 22:04:50 [INFO] uploader: Uploader started. Checking every 60s.
2026-06-18 22:04:50 [INFO] main: Uploader thread started.
2026-06-18 22:04:50 [INFO] main: Capture manager running. Waiting for sensor triggers...
2026-06-18 22:04:50 [INFO] capture_manager: Capture directory: /Users/sr/Documents/CREATED-YUVAN/raspberry_pi/captures
2026-06-18 22:04:50 [INFO] capture_manager: Cooldown: 10s | Trigger: ALL sensors = 1
2026-06-18 22:05:50 [INFO] uploader: ONLINE — checking for pending uploads...
2026-06-18 22:05:50 [INFO] uploader: No pending captures to upload.
2026-06-18 22:06:14 [INFO] main: Shutdown requested (Ctrl+C). Exiting.
2026-06-18 22:06:17 [INFO] main: ============================================================
2026-06-18 22:06:17 [INFO] main:   FOREST WILDLIFE CAMERA TRAP — Starting up
2026-06-18 22:06:17 [INFO] main: ============================================================
2026-06-18 22:06:17 [INFO] main:   Serial port  : /dev/ttyUSB0 @ 9600
2026-06-18 22:06:17 [INFO] main:   Camera index : 0
2026-06-18 22:06:17 [INFO] main:   Capture dir  : /Users/sr/Documents/CREATED-YUVAN/raspberry_pi/captures
2026-06-18 22:06:17 [INFO] main:   Cooldown     : 10s
2026-06-18 22:06:17 [INFO] main:   Upload check : every 60s
2026-06-18 22:06:17 [INFO] main:   Supabase URL : SET
2026-06-18 22:06:17 [INFO] main: ============================================================
2026-06-18 22:06:17 [INFO] main: Sensor reader thread started.
2026-06-18 22:06:17 [INFO] uploader: Uploader started. Checking every 60s.
2026-06-18 22:06:17 [INFO] main: Uploader thread started.
2026-06-18 22:06:17 [INFO] main: Capture manager running. Waiting for sensor triggers...
2026-06-18 22:06:17 [INFO] capture_manager: Capture directory: /Users/sr/Documents/CREATED-YUVAN/raspberry_pi/captures
2026-06-18 22:06:17 [INFO] capture_manager: Cooldown: 10s | Trigger: ALL sensors = 1
2026-06-18 22:06:41 [INFO] main: Shutdown requested (Ctrl+C). Exiting.
2026-06-18 22:06:46 [INFO] main: ============================================================
2026-06-18 22:06:46 [INFO] main:   FOREST WILDLIFE CAMERA TRAP — Starting up
2026-06-18 22:06:46 [INFO] main: ============================================================
2026-06-18 22:06:46 [INFO] main:   Serial port  : /dev/ttyUSB0 @ 9600
2026-06-18 22:06:46 [INFO] main:   Camera index : 0
2026-06-18 22:06:46 [INFO] main:   Capture dir  : /Users/sr/Documents/CREATED-YUVAN/raspberry_pi/captures
2026-06-18 22:06:46 [INFO] main:   Cooldown     : 10s
2026-06-18 22:06:46 [INFO] main:   Upload check : every 60s
2026-06-18 22:06:46 [INFO] main:   Supabase URL : SET
2026-06-18 22:06:46 [INFO] main: ============================================================
2026-06-18 22:06:46 [INFO] main: Sensor reader thread started.
2026-06-18 22:06:46 [INFO] uploader: Uploader started. Checking every 60s.
2026-06-18 22:06:46 [INFO] main: Uploader thread started.
2026-06-18 22:06:46 [INFO] main: Capture manager running. Waiting for sensor triggers...
2026-06-18 22:06:46 [INFO] capture_manager: Capture directory: /Users/sr/Documents/CREATED-YUVAN/raspberry_pi/captures
2026-06-18 22:06:46 [INFO] capture_manager: Cooldown: 10s | Trigger: ALL sensors = 1
2026-06-18 22:07:46 [INFO] uploader: ONLINE — checking for pending uploads...
2026-06-18 22:07:46 [INFO] uploader: Found 1 pending capture(s). Uploading...
2026-06-18 22:07:46 [INFO] uploader: Supabase client initialized.
2026-06-18 22:07:47 [INFO] httpx: HTTP Request: POST https://eftrcetzmzmotmsrwldf.supabase.co/storage/v1/object/wildlife-captures/2026-06-18_22_00_11.jpg "HTTP/2 200 OK"
2026-06-18 22:07:47 [INFO] uploader: Image uploaded: 2026-06-18_22_00_11.jpg
2026-06-18 22:07:49 [INFO] httpx: HTTP Request: POST https://eftrcetzmzmotmsrwldf.supabase.co/rest/v1/captures "HTTP/2 201 Created"
2026-06-18 22:07:49 [INFO] uploader: DB row inserted for: 2026-06-18_22_00_11
2026-06-18 22:07:49 [INFO] uploader: Upload cycle complete: 1 uploaded, 0 failed.
2026-06-18 22:08:49 [INFO] uploader: ONLINE — checking for pending uploads...
2026-06-18 22:08:49 [INFO] uploader: No pending captures to upload.
2026-06-18 22:09:49 [INFO] uploader: ONLINE — checking for pending uploads...
2026-06-18 22:09:49 [INFO] uploader: No pending captures to upload.
2026-06-18 22:10:49 [INFO] uploader: ONLINE — checking for pending uploads...
2026-06-18 22:10:49 [INFO] uploader: No pending captures to upload.
2026-06-18 22:11:49 [INFO] uploader: ONLINE — checking for pending uploads...
2026-06-18 22:11:49 [INFO] uploader: No pending captures to upload.
2026-06-18 22:12:50 [INFO] uploader: ONLINE — checking for pending uploads...
2026-06-18 22:12:50 [INFO] uploader: No pending captures to upload.
2026-06-18 22:13:50 [INFO] uploader: ONLINE — checking for pending uploads...
2026-06-18 22:13:50 [INFO] uploader: No pending captures to upload.
2026-06-18 22:14:50 [INFO] uploader: ONLINE — checking for pending uploads...
2026-06-18 22:14:50 [INFO] uploader: No pending captures to upload.
2026-06-18 22:15:50 [INFO] uploader: ONLINE — checking for pending uploads...
2026-06-18 22:15:50 [INFO] uploader: No pending captures to upload.
2026-06-18 22:16:50 [INFO] uploader: ONLINE — checking for pending uploads...
2026-06-18 22:16:50 [INFO] uploader: No pending captures to upload.
2026-06-18 22:17:50 [INFO] uploader: ONLINE — checking for pending uploads...
2026-06-18 22:17:50 [INFO] uploader: No pending captures to upload.
2026-06-18 22:18:50 [INFO] uploader: ONLINE — checking for pending uploads...
2026-06-18 22:18:50 [INFO] uploader: No pending captures to upload.
2026-06-18 22:19:50 [INFO] uploader: ONLINE — checking for pending uploads...
2026-06-18 22:19:50 [INFO] uploader: No pending captures to upload.
2026-06-18 22:20:50 [INFO] uploader: ONLINE — checking for pending uploads...
2026-06-18 22:20:50 [INFO] uploader: No pending captures to upload.
2026-06-18 22:21:50 [INFO] uploader: ONLINE — checking for pending uploads...
2026-06-18 22:21:50 [INFO] uploader: No pending captures to upload.
2026-06-18 22:22:50 [INFO] uploader: ONLINE — checking for pending uploads...
2026-06-18 22:22:50 [INFO] uploader: No pending captures to upload.
2026-06-18 22:23:51 [INFO] uploader: ONLINE — checking for pending uploads...
2026-06-18 22:23:51 [INFO] uploader: No pending captures to upload.
2026-06-18 22:24:51 [INFO] uploader: ONLINE — checking for pending uploads...
2026-06-18 22:24:51 [INFO] uploader: No pending captures to upload.
2026-06-18 22:25:51 [INFO] uploader: ONLINE — checking for pending uploads...
2026-06-18 22:25:51 [INFO] uploader: No pending captures to upload.
2026-06-18 22:26:51 [INFO] uploader: ONLINE — checking for pending uploads...
2026-06-18 22:26:51 [INFO] uploader: No pending captures to upload.
2026-06-18 22:27:51 [INFO] uploader: ONLINE — checking for pending uploads...
2026-06-18 22:27:51 [INFO] uploader: No pending captures to upload.
2026-06-18 22:28:51 [INFO] uploader: ONLINE — checking for pending uploads...
2026-06-18 22:28:51 [INFO] uploader: No pending captures to upload.
2026-06-18 22:29:51 [INFO] uploader: ONLINE — checking for pending uploads...
2026-06-18 22:29:51 [INFO] uploader: No pending captures to upload.
2026-06-18 22:30:51 [INFO] uploader: ONLINE — checking for pending uploads...
2026-06-18 22:30:51 [INFO] uploader: No pending captures to upload.
2026-06-18 22:31:51 [INFO] uploader: ONLINE — checking for pending uploads...
2026-06-18 22:31:51 [INFO] uploader: No pending captures to upload.
2026-06-18 22:32:51 [INFO] uploader: ONLINE — checking for pending uploads...
2026-06-18 22:32:51 [INFO] uploader: No pending captures to upload.
2026-06-18 22:33:51 [INFO] uploader: ONLINE — checking for pending uploads...
2026-06-18 22:33:51 [INFO] uploader: No pending captures to upload.
2026-06-18 22:34:51 [INFO] uploader: ONLINE — checking for pending uploads...
2026-06-18 22:34:51 [INFO] uploader: No pending captures to upload.
2026-06-18 22:35:52 [INFO] uploader: ONLINE — checking for pending uploads...
2026-06-18 22:35:52 [INFO] uploader: No pending captures to upload.
2026-06-18 22:36:52 [INFO] uploader: ONLINE — checking for pending uploads...
2026-06-18 22:36:52 [INFO] uploader: No pending captures to upload.
2026-06-18 22:37:52 [INFO] uploader: ONLINE — checking for pending uploads...
2026-06-18 22:37:52 [INFO] uploader: No pending captures to upload.
2026-06-18 22:38:52 [INFO] uploader: ONLINE — checking for pending uploads...
2026-06-18 22:38:52 [INFO] uploader: No pending captures to upload.
2026-06-18 22:39:52 [INFO] uploader: ONLINE — checking for pending uploads...
2026-06-18 22:39:52 [INFO] uploader: No pending captures to upload.
2026-06-18 22:40:52 [INFO] uploader: ONLINE — checking for pending uploads...
2026-06-18 22:40:52 [INFO] uploader: No pending captures to upload.
2026-06-18 22:42:53 [INFO] uploader: ONLINE — checking for pending uploads...
2026-06-18 22:42:53 [INFO] uploader: No pending captures to upload.
2026-06-18 22:43:53 [INFO] uploader: ONLINE — checking for pending uploads...
2026-06-18 22:43:53 [INFO] uploader: No pending captures to upload.
2026-06-18 22:44:53 [INFO] uploader: ONLINE — checking for pending uploads...
2026-06-18 22:44:53 [INFO] uploader: No pending captures to upload.
2026-06-18 22:45:53 [INFO] uploader: ONLINE — checking for pending uploads...
2026-06-18 22:45:53 [INFO] uploader: No pending captures to upload.
2026-06-18 22:46:53 [INFO] uploader: ONLINE — checking for pending uploads...
2026-06-18 22:46:53 [INFO] uploader: No pending captures to upload.
2026-06-18 22:47:54 [INFO] uploader: ONLINE — checking for pending uploads...
2026-06-18 22:47:54 [INFO] uploader: No pending captures to upload.
2026-06-18 22:48:54 [INFO] uploader: ONLINE — checking for pending uploads...
2026-06-18 22:48:54 [INFO] uploader: No pending captures to upload.
2026-06-18 22:49:54 [INFO] uploader: ONLINE — checking for pending uploads...
2026-06-18 22:49:54 [INFO] uploader: No pending captures to upload.
2026-06-18 22:50:54 [INFO] uploader: ONLINE — checking for pending uploads...
2026-06-18 22:50:54 [INFO] uploader: No pending captures to upload.
2026-06-18 22:51:54 [INFO] uploader: ONLINE — checking for pending uploads...
2026-06-18 22:51:54 [INFO] uploader: No pending captures to upload.
2026-06-18 22:52:54 [INFO] uploader: ONLINE — checking for pending uploads...
2026-06-18 22:52:54 [INFO] uploader: No pending captures to upload.
2026-06-18 22:53:54 [INFO] uploader: ONLINE — checking for pending uploads...
2026-06-18 22:53:54 [INFO] uploader: No pending captures to upload.
2026-06-18 22:54:54 [INFO] uploader: ONLINE — checking for pending uploads...
2026-06-18 22:54:54 [INFO] uploader: No pending captures to upload.
2026-06-18 22:55:54 [INFO] uploader: ONLINE — checking for pending uploads...
2026-06-18 22:55:54 [INFO] uploader: No pending captures to upload.
2026-06-18 22:56:54 [INFO] uploader: ONLINE — checking for pending uploads...
2026-06-18 22:56:54 [INFO] uploader: No pending captures to upload.
2026-06-18 22:57:54 [INFO] uploader: ONLINE — checking for pending uploads...
2026-06-18 22:57:54 [INFO] uploader: No pending captures to upload.
2026-06-18 22:58:54 [INFO] uploader: ONLINE — checking for pending uploads...
2026-06-18 22:58:54 [INFO] uploader: No pending captures to upload.
2026-06-18 22:59:55 [INFO] uploader: ONLINE — checking for pending uploads...
2026-06-18 22:59:55 [INFO] uploader: No pending captures to upload.
2026-06-18 23:00:55 [INFO] uploader: ONLINE — checking for pending uploads...
2026-06-18 23:00:55 [INFO] uploader: No pending captures to upload.
2026-06-18 23:01:55 [INFO] uploader: ONLINE — checking for pending uploads...
2026-06-18 23:01:55 [INFO] uploader: No pending captures to upload.
2026-06-18 23:02:55 [INFO] uploader: ONLINE — checking for pending uploads...
2026-06-18 23:02:55 [INFO] uploader: No pending captures to upload.
2026-06-18 23:03:55 [INFO] uploader: ONLINE — checking for pending uploads...
2026-06-18 23:03:55 [INFO] uploader: No pending captures to upload.
2026-06-18 23:04:55 [INFO] uploader: ONLINE — checking for pending uploads...
2026-06-18 23:04:55 [INFO] uploader: No pending captures to upload.
2026-06-18 23:05:55 [INFO] uploader: ONLINE — checking for pending uploads...
2026-06-18 23:05:55 [INFO] uploader: No pending captures to upload.
2026-06-18 23:06:55 [INFO] uploader: ONLINE — checking for pending uploads...
2026-06-18 23:06:55 [INFO] uploader: No pending captures to upload.
2026-06-18 23:07:55 [INFO] uploader: ONLINE — checking for pending uploads...
2026-06-18 23:07:55 [INFO] uploader: No pending captures to upload.
2026-06-18 23:08:55 [INFO] uploader: ONLINE — checking for pending uploads...
2026-06-18 23:08:55 [INFO] uploader: No pending captures to upload.
2026-06-18 23:09:55 [INFO] uploader: ONLINE — checking for pending uploads...
2026-06-18 23:09:55 [INFO] uploader: No pending captures to upload.
2026-06-18 23:10:55 [INFO] uploader: ONLINE — checking for pending uploads...
2026-06-18 23:10:55 [INFO] uploader: No pending captures to upload.
2026-06-18 23:11:56 [INFO] uploader: ONLINE — checking for pending uploads...
2026-06-18 23:11:56 [INFO] uploader: No pending captures to upload.
2026-06-18 23:12:56 [INFO] uploader: ONLINE — checking for pending uploads...
2026-06-18 23:12:56 [INFO] uploader: No pending captures to upload.
2026-06-18 23:13:56 [INFO] uploader: ONLINE — checking for pending uploads...
2026-06-18 23:13:56 [INFO] uploader: No pending captures to upload.
2026-06-18 23:14:56 [INFO] uploader: ONLINE — checking for pending uploads...
2026-06-18 23:14:56 [INFO] uploader: No pending captures to upload.
2026-06-18 23:15:56 [INFO] uploader: ONLINE — checking for pending uploads...
2026-06-18 23:15:56 [INFO] uploader: No pending captures to upload.
2026-06-18 23:16:56 [INFO] uploader: ONLINE — checking for pending uploads...
2026-06-18 23:16:56 [INFO] uploader: No pending captures to upload.
2026-06-18 23:17:56 [INFO] uploader: ONLINE — checking for pending uploads...
2026-06-18 23:17:56 [INFO] uploader: No pending captures to upload.
2026-06-18 23:18:56 [INFO] uploader: ONLINE — checking for pending uploads...
2026-06-18 23:18:56 [INFO] uploader: No pending captures to upload.
2026-06-18 23:19:56 [INFO] uploader: ONLINE — checking for pending uploads...
2026-06-18 23:19:56 [INFO] uploader: No pending captures to upload.
2026-06-18 23:20:56 [INFO] uploader: ONLINE — checking for pending uploads...
2026-06-18 23:20:56 [INFO] uploader: No pending captures to upload.
2026-06-18 23:21:56 [INFO] uploader: ONLINE — checking for pending uploads...
2026-06-18 23:21:56 [INFO] uploader: No pending captures to upload.
2026-06-18 23:22:57 [INFO] uploader: ONLINE — checking for pending uploads...
2026-06-18 23:22:57 [INFO] uploader: No pending captures to upload.
2026-06-18 23:23:57 [INFO] uploader: ONLINE — checking for pending uploads...
2026-06-18 23:23:57 [INFO] uploader: No pending captures to upload.
2026-06-18 23:24:57 [INFO] uploader: ONLINE — checking for pending uploads...
2026-06-18 23:24:57 [INFO] uploader: No pending captures to upload.
2026-06-18 23:25:57 [INFO] uploader: ONLINE — checking for pending uploads...
2026-06-18 23:25:57 [INFO] uploader: No pending captures to upload.
2026-06-18 23:26:45 [INFO] main: Shutdown requested (Ctrl+C). Exiting.
2026-06-23 21:14:44 [INFO] main: ============================================================
2026-06-23 21:14:44 [INFO] main:   FOREST WILDLIFE CAMERA TRAP — Starting up
2026-06-23 21:14:44 [INFO] main: ============================================================
2026-06-23 21:14:44 [INFO] main:   Serial port  : /dev/ttyUSB0 @ 9600
2026-06-23 21:14:44 [INFO] main:   Camera index : 0
2026-06-23 21:14:44 [INFO] main:   Capture dir  : /Users/sr/Documents/CREATED-YUVAN/raspberry_pi/captures
2026-06-23 21:14:44 [INFO] main:   Cooldown     : 10s
2026-06-23 21:14:44 [INFO] main:   Upload check : every 60s
2026-06-23 21:14:44 [INFO] main:   Supabase URL : SET
2026-06-23 21:14:44 [INFO] main: ============================================================
2026-06-23 21:14:44 [INFO] main: Sensor reader thread started.
2026-06-23 21:14:44 [INFO] uploader: Uploader started. Checking every 60s.
2026-06-23 21:14:44 [INFO] main: Uploader thread started.
2026-06-23 21:14:44 [INFO] main: Capture manager running. Waiting for sensor triggers...
2026-06-23 21:14:44 [INFO] capture_manager: Capture directory: /Users/sr/Documents/CREATED-YUVAN/raspberry_pi/captures
2026-06-23 21:14:44 [INFO] capture_manager: Cooldown: 10s | Trigger: ALL sensors = 1
2026-06-23 21:14:57 [INFO] main: Shutdown requested (Ctrl+C). Exiting.
2026-06-23 21:18:07 [INFO] main: ============================================================
2026-06-23 21:18:07 [INFO] main:   FOREST WILDLIFE CAMERA TRAP — Starting up
2026-06-23 21:18:07 [INFO] main: ============================================================
2026-06-23 21:18:07 [INFO] main:   Serial port  : /dev/ttyUSB0 @ 9600
2026-06-23 21:18:07 [INFO] main:   Camera index : 0
2026-06-23 21:18:07 [INFO] main:   Capture dir  : /Users/sr/Documents/CREATED-YUVAN/raspberry_pi/captures
2026-06-23 21:18:07 [INFO] main:   Cooldown     : 10s
2026-06-23 21:18:07 [INFO] main:   Upload check : every 60s
2026-06-23 21:18:07 [INFO] main:   Supabase URL : SET
2026-06-23 21:18:07 [INFO] main: ============================================================
2026-06-23 21:18:07 [INFO] main: Sensor reader thread started.
2026-06-23 21:18:07 [INFO] uploader: Uploader started. Checking every 60s.
2026-06-23 21:18:07 [INFO] main: Uploader thread started.
2026-06-23 21:18:07 [INFO] main: Capture manager running. Waiting for sensor triggers...
2026-06-23 21:18:07 [INFO] capture_manager: Capture directory: /Users/sr/Documents/CREATED-YUVAN/raspberry_pi/captures
2026-06-23 21:18:07 [INFO] capture_manager: Cooldown: 10s | Trigger: ALL sensors = 1
2026-06-23 21:19:07 [INFO] uploader: ONLINE — checking for pending uploads...
2026-06-23 21:19:07 [INFO] uploader: Found 1 pending capture(s). Uploading...
2026-06-23 21:19:07 [INFO] uploader: Supabase client initialized.
2026-06-23 21:19:09 [INFO] httpx: HTTP Request: POST https://eftrcetzmzmotmsrwldf.supabase.co/storage/v1/object/wildlife-captures/2026-06-23_21-08-06.jpg "HTTP/2 200 OK"
2026-06-23 21:19:09 [INFO] uploader: Image uploaded: 2026-06-23_21-08-06.jpg
2026-06-23 21:19:09 [INFO] httpx: HTTP Request: POST https://eftrcetzmzmotmsrwldf.supabase.co/rest/v1/captures "HTTP/2 201 Created"
2026-06-23 21:19:09 [INFO] uploader: DB row inserted for: 2026-06-23_21-08-06
2026-06-23 21:19:09 [INFO] uploader: Upload cycle complete: 1 uploaded, 0 failed.
2026-06-23 21:20:09 [INFO] uploader: ONLINE — checking for pending uploads...
2026-06-23 21:20:09 [INFO] uploader: No pending captures to upload.
2026-06-23 21:21:06 [INFO] main: Shutdown requested (Ctrl+C). Exiting.
